[2021-06-13T00:46:09.831Z] INFO: Express server started on port: 3001
[2021-06-13T00:47:08.820Z] INFO: Express server started on port: 3000
[2021-06-13T00:48:35.620Z] INFO: Express server started on port: 3000
[2021-06-13T00:50:58.272Z] INFO: Express server started on port: 3000
[2021-06-13T00:51:45.871Z] INFO: Express server started on port: 3000
[2021-06-13T00:53:11.832Z] INFO: Express server started on port: 3000
[2021-06-13T00:55:05.823Z] INFO: Express server started on port: 3000
[2021-06-13T00:55:39.022Z] INFO: Express server started on port: 3000
[2021-06-13T00:56:14.312Z] INFO: Express server started on port: 3000
[2021-06-13T00:57:05.760Z] INFO: Express server started on port: 3000
[2021-06-13T00:58:34.401Z] INFO: Express server started on port: 3000
[2021-06-13T01:05:22.946Z] INFO: Express server started on port: 3000
[2021-06-13T01:06:43.959Z] INFO: Express server started on port: 3000
[2021-06-13T01:08:13.400Z] INFO: Express server started on port: 3000
[2021-06-13T01:10:37.605Z] INFO: Express server started on port: 3000
[2021-06-13T01:10:47.797Z] ERROR: TypeError: Cannot read property 'isAuthenticated' of undefined
    at /home/pikea/lgit/mariocki-osm-server/siteroot2/dist/routes/index.js:16:22
    at newFn (/home/pikea/lgit/mariocki-osm-server/siteroot2/node_modules/express-async-errors/index.js:16:20)
    at Layer.handle [as handle_request] (/home/pikea/lgit/mariocki-osm-server/siteroot2/node_modules/express/lib/router/layer.js:95:5)
    at next (/home/pikea/lgit/mariocki-osm-server/siteroot2/node_modules/express/lib/router/route.js:137:13)
    at Route.dispatch (/home/pikea/lgit/mariocki-osm-server/siteroot2/node_modules/express/lib/router/route.js:112:3)
    at newFn (/home/pikea/lgit/mariocki-osm-server/siteroot2/node_modules/express-async-errors/index.js:16:20)
    at Layer.handle [as handle_request] (/home/pikea/lgit/mariocki-osm-server/siteroot2/node_modules/express/lib/router/layer.js:95:5)
    at /home/pikea/lgit/mariocki-osm-server/siteroot2/node_modules/express/lib/router/index.js:281:22
    at Function.process_params (/home/pikea/lgit/mariocki-osm-server/siteroot2/node_modules/express/lib/router/index.js:335:12)
    at next (/home/pikea/lgit/mariocki-osm-server/siteroot2/node_modules/express/lib/router/index.js:275:10)
[2021-06-13T01:17:21.429Z] INFO: Express server started on port: 3000
[2021-06-13T01:17:36.995Z] ERROR: Error: No default engine was specified and no extension was provided.
    at new View (/home/pikea/lgit/mariocki-osm-server/siteroot2/node_modules/express/lib/view.js:61:11)
    at Function.render (/home/pikea/lgit/mariocki-osm-server/siteroot2/node_modules/express/lib/application.js:570:12)
    at ServerResponse.render (/home/pikea/lgit/mariocki-osm-server/siteroot2/node_modules/express/lib/response.js:1012:7)
    at /home/pikea/lgit/mariocki-osm-server/siteroot2/dist/routes/index.js:19:9
    at newFn (/home/pikea/lgit/mariocki-osm-server/siteroot2/node_modules/express-async-errors/index.js:16:20)
    at Layer.handle [as handle_request] (/home/pikea/lgit/mariocki-osm-server/siteroot2/node_modules/express/lib/router/layer.js:95:5)
    at next (/home/pikea/lgit/mariocki-osm-server/siteroot2/node_modules/express/lib/router/route.js:137:13)
    at Route.dispatch (/home/pikea/lgit/mariocki-osm-server/siteroot2/node_modules/express/lib/router/route.js:112:3)
    at newFn (/home/pikea/lgit/mariocki-osm-server/siteroot2/node_modules/express-async-errors/index.js:16:20)
    at Layer.handle [as handle_request] (/home/pikea/lgit/mariocki-osm-server/siteroot2/node_modules/express/lib/router/layer.js:95:5)
[2021-06-13T01:18:57.865Z] INFO: Express server started on port: 3000
[2021-06-13T01:19:33.489Z] ERROR: Error: No default engine was specified and no extension was provided.
    at new View (/home/pikea/lgit/mariocki-osm-server/siteroot2/node_modules/express/lib/view.js:61:11)
    at Function.render (/home/pikea/lgit/mariocki-osm-server/siteroot2/node_modules/express/lib/application.js:570:12)
    at ServerResponse.render (/home/pikea/lgit/mariocki-osm-server/siteroot2/node_modules/express/lib/response.js:1012:7)
    at /home/pikea/lgit/mariocki-osm-server/siteroot2/dist/routes/index.js:20:9
    at newFn (/home/pikea/lgit/mariocki-osm-server/siteroot2/node_modules/express-async-errors/index.js:16:20)
    at Layer.handle [as handle_request] (/home/pikea/lgit/mariocki-osm-server/siteroot2/node_modules/express/lib/router/layer.js:95:5)
    at next (/home/pikea/lgit/mariocki-osm-server/siteroot2/node_modules/express/lib/router/route.js:137:13)
    at Route.dispatch (/home/pikea/lgit/mariocki-osm-server/siteroot2/node_modules/express/lib/router/route.js:112:3)
    at newFn (/home/pikea/lgit/mariocki-osm-server/siteroot2/node_modules/express-async-errors/index.js:16:20)
    at Layer.handle [as handle_request] (/home/pikea/lgit/mariocki-osm-server/siteroot2/node_modules/express/lib/router/layer.js:95:5)
[2021-06-13T01:20:31.363Z] INFO: Express server started on port: 8080
[2021-06-13T01:20:37.058Z] ERROR: Error: No default engine was specified and no extension was provided.
    at new View (/home/pikea/lgit/mariocki-osm-server/siteroot2/node_modules/express/lib/view.js:61:11)
    at Function.render (/home/pikea/lgit/mariocki-osm-server/siteroot2/node_modules/express/lib/application.js:570:12)
    at ServerResponse.render (/home/pikea/lgit/mariocki-osm-server/siteroot2/node_modules/express/lib/response.js:1012:7)
    at /home/pikea/lgit/mariocki-osm-server/siteroot2/dist/routes/index.js:20:9
    at newFn (/home/pikea/lgit/mariocki-osm-server/siteroot2/node_modules/express-async-errors/index.js:16:20)
    at Layer.handle [as handle_request] (/home/pikea/lgit/mariocki-osm-server/siteroot2/node_modules/express/lib/router/layer.js:95:5)
    at next (/home/pikea/lgit/mariocki-osm-server/siteroot2/node_modules/express/lib/router/route.js:137:13)
    at Route.dispatch (/home/pikea/lgit/mariocki-osm-server/siteroot2/node_modules/express/lib/router/route.js:112:3)
    at newFn (/home/pikea/lgit/mariocki-osm-server/siteroot2/node_modules/express-async-errors/index.js:16:20)
    at Layer.handle [as handle_request] (/home/pikea/lgit/mariocki-osm-server/siteroot2/node_modules/express/lib/router/layer.js:95:5)
[2021-06-13T01:20:38.299Z] ERROR: Error: No default engine was specified and no extension was provided.
    at new View (/home/pikea/lgit/mariocki-osm-server/siteroot2/node_modules/express/lib/view.js:61:11)
    at Function.render (/home/pikea/lgit/mariocki-osm-server/siteroot2/node_modules/express/lib/application.js:570:12)
    at ServerResponse.render (/home/pikea/lgit/mariocki-osm-server/siteroot2/node_modules/express/lib/response.js:1012:7)
    at /home/pikea/lgit/mariocki-osm-server/siteroot2/dist/routes/index.js:20:9
    at newFn (/home/pikea/lgit/mariocki-osm-server/siteroot2/node_modules/express-async-errors/index.js:16:20)
    at Layer.handle [as handle_request] (/home/pikea/lgit/mariocki-osm-server/siteroot2/node_modules/express/lib/router/layer.js:95:5)
    at next (/home/pikea/lgit/mariocki-osm-server/siteroot2/node_modules/express/lib/router/route.js:137:13)
    at Route.dispatch (/home/pikea/lgit/mariocki-osm-server/siteroot2/node_modules/express/lib/router/route.js:112:3)
    at newFn (/home/pikea/lgit/mariocki-osm-server/siteroot2/node_modules/express-async-errors/index.js:16:20)
    at Layer.handle [as handle_request] (/home/pikea/lgit/mariocki-osm-server/siteroot2/node_modules/express/lib/router/layer.js:95:5)
[2021-06-13T01:21:40.242Z] INFO: Express server started on port: 8080
[2021-06-13T01:21:43.162Z] ERROR: Error: Failed to lookup view "index" in views directory "/home/pikea/lgit/mariocki-osm-server/siteroot2/dist/views"
    at Function.render (/home/pikea/lgit/mariocki-osm-server/siteroot2/node_modules/express/lib/application.js:580:17)
    at ServerResponse.render (/home/pikea/lgit/mariocki-osm-server/siteroot2/node_modules/express/lib/response.js:1012:7)
    at /home/pikea/lgit/mariocki-osm-server/siteroot2/dist/routes/index.js:20:9
    at newFn (/home/pikea/lgit/mariocki-osm-server/siteroot2/node_modules/express-async-errors/index.js:16:20)
    at Layer.handle [as handle_request] (/home/pikea/lgit/mariocki-osm-server/siteroot2/node_modules/express/lib/router/layer.js:95:5)
    at next (/home/pikea/lgit/mariocki-osm-server/siteroot2/node_modules/express/lib/router/route.js:137:13)
    at Route.dispatch (/home/pikea/lgit/mariocki-osm-server/siteroot2/node_modules/express/lib/router/route.js:112:3)
    at newFn (/home/pikea/lgit/mariocki-osm-server/siteroot2/node_modules/express-async-errors/index.js:16:20)
    at Layer.handle [as handle_request] (/home/pikea/lgit/mariocki-osm-server/siteroot2/node_modules/express/lib/router/layer.js:95:5)
    at /home/pikea/lgit/mariocki-osm-server/siteroot2/node_modules/express/lib/router/index.js:281:22 {
  view: View {
    defaultEngine: 'ejs',
    ext: '.ejs',
    name: 'index',
    root: '/home/pikea/lgit/mariocki-osm-server/siteroot2/dist/views',
    engine: [Function (anonymous)],
    path: undefined
  }
}
[2021-06-13T01:21:44.403Z] ERROR: Error: Failed to lookup view "index" in views directory "/home/pikea/lgit/mariocki-osm-server/siteroot2/dist/views"
    at Function.render (/home/pikea/lgit/mariocki-osm-server/siteroot2/node_modules/express/lib/application.js:580:17)
    at ServerResponse.render (/home/pikea/lgit/mariocki-osm-server/siteroot2/node_modules/express/lib/response.js:1012:7)
    at /home/pikea/lgit/mariocki-osm-server/siteroot2/dist/routes/index.js:20:9
    at newFn (/home/pikea/lgit/mariocki-osm-server/siteroot2/node_modules/express-async-errors/index.js:16:20)
    at Layer.handle [as handle_request] (/home/pikea/lgit/mariocki-osm-server/siteroot2/node_modules/express/lib/router/layer.js:95:5)
    at next (/home/pikea/lgit/mariocki-osm-server/siteroot2/node_modules/express/lib/router/route.js:137:13)
    at Route.dispatch (/home/pikea/lgit/mariocki-osm-server/siteroot2/node_modules/express/lib/router/route.js:112:3)
    at newFn (/home/pikea/lgit/mariocki-osm-server/siteroot2/node_modules/express-async-errors/index.js:16:20)
    at Layer.handle [as handle_request] (/home/pikea/lgit/mariocki-osm-server/siteroot2/node_modules/express/lib/router/layer.js:95:5)
    at /home/pikea/lgit/mariocki-osm-server/siteroot2/node_modules/express/lib/router/index.js:281:22 {
  view: View {
    defaultEngine: 'ejs',
    ext: '.ejs',
    name: 'index',
    root: '/home/pikea/lgit/mariocki-osm-server/siteroot2/dist/views',
    engine: [Function (anonymous)],
    path: undefined
  }
}
[2021-06-13T01:22:12.344Z] INFO: Express server started on port: 8080
[2021-06-13T01:22:22.976Z] ERROR: Error [ERR_HTTP_HEADERS_SENT]: Cannot set headers after they are sent to the client
    at ServerResponse.setHeader (_http_outgoing.js:561:11)
    at ServerResponse.header (/home/pikea/lgit/mariocki-osm-server/siteroot2/node_modules/express/lib/response.js:771:10)
    at ServerResponse.send (/home/pikea/lgit/mariocki-osm-server/siteroot2/node_modules/express/lib/response.js:170:12)
    at done (/home/pikea/lgit/mariocki-osm-server/siteroot2/node_modules/express/lib/response.js:1008:10)
    at tryHandleCache (/home/pikea/lgit/mariocki-osm-server/siteroot2/node_modules/ejs/lib/ejs.js:278:5)
    at View.exports.renderFile [as engine] (/home/pikea/lgit/mariocki-osm-server/siteroot2/node_modules/ejs/lib/ejs.js:489:10)
    at View.render (/home/pikea/lgit/mariocki-osm-server/siteroot2/node_modules/express/lib/view.js:135:8)
    at tryRender (/home/pikea/lgit/mariocki-osm-server/siteroot2/node_modules/express/lib/application.js:640:10)
    at Function.render (/home/pikea/lgit/mariocki-osm-server/siteroot2/node_modules/express/lib/application.js:592:3)
    at ServerResponse.render (/home/pikea/lgit/mariocki-osm-server/siteroot2/node_modules/express/lib/response.js:1012:7) {
  code: 'ERR_HTTP_HEADERS_SENT'
}
[2021-06-13T01:31:44.840Z] INFO: Express server started on port: 8080
[2021-06-13T01:31:49.258Z] ERROR: Error [ERR_HTTP_HEADERS_SENT]: Cannot set headers after they are sent to the client
    at ServerResponse.setHeader (_http_outgoing.js:561:11)
    at ServerResponse.header (/home/pikea/lgit/mariocki-osm-server/siteroot2/node_modules/express/lib/response.js:771:10)
    at ServerResponse.send (/home/pikea/lgit/mariocki-osm-server/siteroot2/node_modules/express/lib/response.js:170:12)
    at done (/home/pikea/lgit/mariocki-osm-server/siteroot2/node_modules/express/lib/response.js:1008:10)
    at tryHandleCache (/home/pikea/lgit/mariocki-osm-server/siteroot2/node_modules/ejs/lib/ejs.js:278:5)
    at View.exports.renderFile [as engine] (/home/pikea/lgit/mariocki-osm-server/siteroot2/node_modules/ejs/lib/ejs.js:489:10)
    at View.render (/home/pikea/lgit/mariocki-osm-server/siteroot2/node_modules/express/lib/view.js:135:8)
    at tryRender (/home/pikea/lgit/mariocki-osm-server/siteroot2/node_modules/express/lib/application.js:640:10)
    at Function.render (/home/pikea/lgit/mariocki-osm-server/siteroot2/node_modules/express/lib/application.js:592:3)
    at ServerResponse.render (/home/pikea/lgit/mariocki-osm-server/siteroot2/node_modules/express/lib/response.js:1012:7) {
  code: 'ERR_HTTP_HEADERS_SENT'
}
[2021-06-13T01:36:47.874Z] INFO: Express server started on port: 8080
[2021-06-13T01:36:53.292Z] ERROR: Error [ERR_HTTP_HEADERS_SENT]: Cannot set headers after they are sent to the client
    at ServerResponse.setHeader (_http_outgoing.js:561:11)
    at ServerResponse.header (/home/pikea/lgit/mariocki-osm-server/siteroot2/node_modules/express/lib/response.js:771:10)
    at ServerResponse.send (/home/pikea/lgit/mariocki-osm-server/siteroot2/node_modules/express/lib/response.js:170:12)
    at done (/home/pikea/lgit/mariocki-osm-server/siteroot2/node_modules/express/lib/response.js:1008:10)
    at tryHandleCache (/home/pikea/lgit/mariocki-osm-server/siteroot2/node_modules/ejs/lib/ejs.js:278:5)
    at View.exports.renderFile [as engine] (/home/pikea/lgit/mariocki-osm-server/siteroot2/node_modules/ejs/lib/ejs.js:489:10)
    at View.render (/home/pikea/lgit/mariocki-osm-server/siteroot2/node_modules/express/lib/view.js:135:8)
    at tryRender (/home/pikea/lgit/mariocki-osm-server/siteroot2/node_modules/express/lib/application.js:640:10)
    at Function.render (/home/pikea/lgit/mariocki-osm-server/siteroot2/node_modules/express/lib/application.js:592:3)
    at ServerResponse.render (/home/pikea/lgit/mariocki-osm-server/siteroot2/node_modules/express/lib/response.js:1012:7) {
  code: 'ERR_HTTP_HEADERS_SENT'
}
[2021-06-13T01:38:52.927Z] INFO: Express server started on port: 8080
[2021-06-13T01:38:55.506Z] ERROR: Error [ERR_HTTP_HEADERS_SENT]: Cannot set headers after they are sent to the client
    at ServerResponse.setHeader (_http_outgoing.js:561:11)
    at ServerResponse.header (/home/pikea/lgit/mariocki-osm-server/siteroot2/node_modules/express/lib/response.js:771:10)
    at ServerResponse.send (/home/pikea/lgit/mariocki-osm-server/siteroot2/node_modules/express/lib/response.js:170:12)
    at done (/home/pikea/lgit/mariocki-osm-server/siteroot2/node_modules/express/lib/response.js:1008:10)
    at tryHandleCache (/home/pikea/lgit/mariocki-osm-server/siteroot2/node_modules/ejs/lib/ejs.js:278:5)
    at View.exports.renderFile [as engine] (/home/pikea/lgit/mariocki-osm-server/siteroot2/node_modules/ejs/lib/ejs.js:489:10)
    at View.render (/home/pikea/lgit/mariocki-osm-server/siteroot2/node_modules/express/lib/view.js:135:8)
    at tryRender (/home/pikea/lgit/mariocki-osm-server/siteroot2/node_modules/express/lib/application.js:640:10)
    at Function.render (/home/pikea/lgit/mariocki-osm-server/siteroot2/node_modules/express/lib/application.js:592:3)
    at ServerResponse.render (/home/pikea/lgit/mariocki-osm-server/siteroot2/node_modules/express/lib/response.js:1012:7) {
  code: 'ERR_HTTP_HEADERS_SENT'
}
[2021-06-13T01:39:33.023Z] INFO: Express server started on port: 8080
[2021-06-13T01:39:36.206Z] ERROR: Error [ERR_HTTP_HEADERS_SENT]: Cannot set headers after they are sent to the client
    at ServerResponse.setHeader (_http_outgoing.js:561:11)
    at ServerResponse.header (/home/pikea/lgit/mariocki-osm-server/siteroot2/node_modules/express/lib/response.js:771:10)
    at ServerResponse.send (/home/pikea/lgit/mariocki-osm-server/siteroot2/node_modules/express/lib/response.js:170:12)
    at done (/home/pikea/lgit/mariocki-osm-server/siteroot2/node_modules/express/lib/response.js:1008:10)
    at tryHandleCache (/home/pikea/lgit/mariocki-osm-server/siteroot2/node_modules/ejs/lib/ejs.js:278:5)
    at View.exports.renderFile [as engine] (/home/pikea/lgit/mariocki-osm-server/siteroot2/node_modules/ejs/lib/ejs.js:489:10)
    at View.render (/home/pikea/lgit/mariocki-osm-server/siteroot2/node_modules/express/lib/view.js:135:8)
    at tryRender (/home/pikea/lgit/mariocki-osm-server/siteroot2/node_modules/express/lib/application.js:640:10)
    at Function.render (/home/pikea/lgit/mariocki-osm-server/siteroot2/node_modules/express/lib/application.js:592:3)
    at ServerResponse.render (/home/pikea/lgit/mariocki-osm-server/siteroot2/node_modules/express/lib/response.js:1012:7) {
  code: 'ERR_HTTP_HEADERS_SENT'
}
[2021-06-13T01:41:36.243Z] INFO: Express server started on port: 8080
[2021-06-13T01:41:38.191Z] ERROR: Error [ERR_HTTP_HEADERS_SENT]: Cannot set headers after they are sent to the client
    at ServerResponse.setHeader (_http_outgoing.js:561:11)
    at ServerResponse.header (/home/pikea/lgit/mariocki-osm-server/siteroot2/node_modules/express/lib/response.js:771:10)
    at ServerResponse.send (/home/pikea/lgit/mariocki-osm-server/siteroot2/node_modules/express/lib/response.js:170:12)
    at done (/home/pikea/lgit/mariocki-osm-server/siteroot2/node_modules/express/lib/response.js:1008:10)
    at tryHandleCache (/home/pikea/lgit/mariocki-osm-server/siteroot2/node_modules/ejs/lib/ejs.js:278:5)
    at View.exports.renderFile [as engine] (/home/pikea/lgit/mariocki-osm-server/siteroot2/node_modules/ejs/lib/ejs.js:489:10)
    at View.render (/home/pikea/lgit/mariocki-osm-server/siteroot2/node_modules/express/lib/view.js:135:8)
    at tryRender (/home/pikea/lgit/mariocki-osm-server/siteroot2/node_modules/express/lib/application.js:640:10)
    at Function.render (/home/pikea/lgit/mariocki-osm-server/siteroot2/node_modules/express/lib/application.js:592:3)
    at ServerResponse.render (/home/pikea/lgit/mariocki-osm-server/siteroot2/node_modules/express/lib/response.js:1012:7) {
  code: 'ERR_HTTP_HEADERS_SENT'
}
[2021-06-13T01:44:06.938Z] INFO: Express server started on port: 8080
[2021-06-13T01:44:11.208Z] ERROR: Error [ERR_HTTP_HEADERS_SENT]: Cannot set headers after they are sent to the client
    at ServerResponse.setHeader (_http_outgoing.js:561:11)
    at ServerResponse.header (/home/pikea/lgit/mariocki-osm-server/siteroot2/node_modules/express/lib/response.js:771:10)
    at ServerResponse.send (/home/pikea/lgit/mariocki-osm-server/siteroot2/node_modules/express/lib/response.js:170:12)
    at done (/home/pikea/lgit/mariocki-osm-server/siteroot2/node_modules/express/lib/response.js:1008:10)
    at tryHandleCache (/home/pikea/lgit/mariocki-osm-server/siteroot2/node_modules/ejs/lib/ejs.js:278:5)
    at View.exports.renderFile [as engine] (/home/pikea/lgit/mariocki-osm-server/siteroot2/node_modules/ejs/lib/ejs.js:489:10)
    at View.render (/home/pikea/lgit/mariocki-osm-server/siteroot2/node_modules/express/lib/view.js:135:8)
    at tryRender (/home/pikea/lgit/mariocki-osm-server/siteroot2/node_modules/express/lib/application.js:640:10)
    at Function.render (/home/pikea/lgit/mariocki-osm-server/siteroot2/node_modules/express/lib/application.js:592:3)
    at ServerResponse.render (/home/pikea/lgit/mariocki-osm-server/siteroot2/node_modules/express/lib/response.js:1012:7) {
  code: 'ERR_HTTP_HEADERS_SENT'
}
[2021-06-13T01:45:54.945Z] INFO: Express server started on port: 8080
[2021-06-13T01:46:01.927Z] ERROR: Error [ERR_HTTP_HEADERS_SENT]: Cannot set headers after they are sent to the client
    at ServerResponse.setHeader (_http_outgoing.js:561:11)
    at ServerResponse.header (/home/pikea/lgit/mariocki-osm-server/siteroot2/node_modules/express/lib/response.js:771:10)
    at ServerResponse.send (/home/pikea/lgit/mariocki-osm-server/siteroot2/node_modules/express/lib/response.js:170:12)
    at done (/home/pikea/lgit/mariocki-osm-server/siteroot2/node_modules/express/lib/response.js:1008:10)
    at tryHandleCache (/home/pikea/lgit/mariocki-osm-server/siteroot2/node_modules/ejs/lib/ejs.js:278:5)
    at View.exports.renderFile [as engine] (/home/pikea/lgit/mariocki-osm-server/siteroot2/node_modules/ejs/lib/ejs.js:489:10)
    at View.render (/home/pikea/lgit/mariocki-osm-server/siteroot2/node_modules/express/lib/view.js:135:8)
    at tryRender (/home/pikea/lgit/mariocki-osm-server/siteroot2/node_modules/express/lib/application.js:640:10)
    at Function.render (/home/pikea/lgit/mariocki-osm-server/siteroot2/node_modules/express/lib/application.js:592:3)
    at ServerResponse.render (/home/pikea/lgit/mariocki-osm-server/siteroot2/node_modules/express/lib/response.js:1012:7) {
  code: 'ERR_HTTP_HEADERS_SENT'
}
[2021-06-13T01:47:38.912Z] INFO: Express server started on port: 8080
[2021-06-13T01:47:42.008Z] ERROR: Error [ERR_HTTP_HEADERS_SENT]: Cannot set headers after they are sent to the client
    at ServerResponse.setHeader (_http_outgoing.js:561:11)
    at ServerResponse.header (/home/pikea/lgit/mariocki-osm-server/siteroot2/node_modules/express/lib/response.js:771:10)
    at ServerResponse.send (/home/pikea/lgit/mariocki-osm-server/siteroot2/node_modules/express/lib/response.js:170:12)
    at done (/home/pikea/lgit/mariocki-osm-server/siteroot2/node_modules/express/lib/response.js:1008:10)
    at tryHandleCache (/home/pikea/lgit/mariocki-osm-server/siteroot2/node_modules/ejs/lib/ejs.js:278:5)
    at View.exports.renderFile [as engine] (/home/pikea/lgit/mariocki-osm-server/siteroot2/node_modules/ejs/lib/ejs.js:489:10)
    at View.render (/home/pikea/lgit/mariocki-osm-server/siteroot2/node_modules/express/lib/view.js:135:8)
    at tryRender (/home/pikea/lgit/mariocki-osm-server/siteroot2/node_modules/express/lib/application.js:640:10)
    at Function.render (/home/pikea/lgit/mariocki-osm-server/siteroot2/node_modules/express/lib/application.js:592:3)
    at ServerResponse.render (/home/pikea/lgit/mariocki-osm-server/siteroot2/node_modules/express/lib/response.js:1012:7) {
  code: 'ERR_HTTP_HEADERS_SENT'
}
[2021-06-13T01:48:21.493Z] INFO: Express server started on port: 8080
[2021-06-13T01:48:23.227Z] ERROR: Error [ERR_HTTP_HEADERS_SENT]: Cannot set headers after they are sent to the client
    at ServerResponse.setHeader (_http_outgoing.js:561:11)
    at ServerResponse.header (/home/pikea/lgit/mariocki-osm-server/siteroot2/node_modules/express/lib/response.js:771:10)
    at ServerResponse.send (/home/pikea/lgit/mariocki-osm-server/siteroot2/node_modules/express/lib/response.js:170:12)
    at done (/home/pikea/lgit/mariocki-osm-server/siteroot2/node_modules/express/lib/response.js:1008:10)
    at tryHandleCache (/home/pikea/lgit/mariocki-osm-server/siteroot2/node_modules/ejs/lib/ejs.js:278:5)
    at View.exports.renderFile [as engine] (/home/pikea/lgit/mariocki-osm-server/siteroot2/node_modules/ejs/lib/ejs.js:489:10)
    at View.render (/home/pikea/lgit/mariocki-osm-server/siteroot2/node_modules/express/lib/view.js:135:8)
    at tryRender (/home/pikea/lgit/mariocki-osm-server/siteroot2/node_modules/express/lib/application.js:640:10)
    at Function.render (/home/pikea/lgit/mariocki-osm-server/siteroot2/node_modules/express/lib/application.js:592:3)
    at ServerResponse.render (/home/pikea/lgit/mariocki-osm-server/siteroot2/node_modules/express/lib/response.js:1012:7) {
  code: 'ERR_HTTP_HEADERS_SENT'
}
[2021-06-13T01:50:16.928Z] INFO: Express server started on port: 8080
[2021-06-13T01:50:18.935Z] ERROR: Error [ERR_HTTP_HEADERS_SENT]: Cannot set headers after they are sent to the client
    at ServerResponse.setHeader (_http_outgoing.js:561:11)
    at ServerResponse.header (/home/pikea/lgit/mariocki-osm-server/siteroot2/node_modules/express/lib/response.js:771:10)
    at ServerResponse.send (/home/pikea/lgit/mariocki-osm-server/siteroot2/node_modules/express/lib/response.js:170:12)
    at done (/home/pikea/lgit/mariocki-osm-server/siteroot2/node_modules/express/lib/response.js:1008:10)
    at tryHandleCache (/home/pikea/lgit/mariocki-osm-server/siteroot2/node_modules/ejs/lib/ejs.js:278:5)
    at View.exports.renderFile [as engine] (/home/pikea/lgit/mariocki-osm-server/siteroot2/node_modules/ejs/lib/ejs.js:489:10)
    at View.render (/home/pikea/lgit/mariocki-osm-server/siteroot2/node_modules/express/lib/view.js:135:8)
    at tryRender (/home/pikea/lgit/mariocki-osm-server/siteroot2/node_modules/express/lib/application.js:640:10)
    at Function.render (/home/pikea/lgit/mariocki-osm-server/siteroot2/node_modules/express/lib/application.js:592:3)
    at ServerResponse.render (/home/pikea/lgit/mariocki-osm-server/siteroot2/node_modules/express/lib/response.js:1012:7) {
  code: 'ERR_HTTP_HEADERS_SENT'
}
[2021-06-13T01:51:37.268Z] INFO: Express server started on port: 8080
[2021-06-13T01:51:38.261Z] ERROR: Error [ERR_HTTP_HEADERS_SENT]: Cannot set headers after they are sent to the client
    at ServerResponse.setHeader (_http_outgoing.js:561:11)
    at ServerResponse.header (/home/pikea/lgit/mariocki-osm-server/siteroot2/node_modules/express/lib/response.js:771:10)
    at ServerResponse.send (/home/pikea/lgit/mariocki-osm-server/siteroot2/node_modules/express/lib/response.js:170:12)
    at done (/home/pikea/lgit/mariocki-osm-server/siteroot2/node_modules/express/lib/response.js:1008:10)
    at tryHandleCache (/home/pikea/lgit/mariocki-osm-server/siteroot2/node_modules/ejs/lib/ejs.js:278:5)
    at View.exports.renderFile [as engine] (/home/pikea/lgit/mariocki-osm-server/siteroot2/node_modules/ejs/lib/ejs.js:489:10)
    at View.render (/home/pikea/lgit/mariocki-osm-server/siteroot2/node_modules/express/lib/view.js:135:8)
    at tryRender (/home/pikea/lgit/mariocki-osm-server/siteroot2/node_modules/express/lib/application.js:640:10)
    at Function.render (/home/pikea/lgit/mariocki-osm-server/siteroot2/node_modules/express/lib/application.js:592:3)
    at ServerResponse.render (/home/pikea/lgit/mariocki-osm-server/siteroot2/node_modules/express/lib/response.js:1012:7) {
  code: 'ERR_HTTP_HEADERS_SENT'
}
[2021-06-13T01:51:53.175Z] INFO: Express server started on port: 8080
[2021-06-13T01:51:55.698Z] ERROR: Error [ERR_HTTP_HEADERS_SENT]: Cannot set headers after they are sent to the client
    at ServerResponse.setHeader (_http_outgoing.js:561:11)
    at ServerResponse.header (/home/pikea/lgit/mariocki-osm-server/siteroot2/node_modules/express/lib/response.js:771:10)
    at ServerResponse.send (/home/pikea/lgit/mariocki-osm-server/siteroot2/node_modules/express/lib/response.js:170:12)
    at done (/home/pikea/lgit/mariocki-osm-server/siteroot2/node_modules/express/lib/response.js:1008:10)
    at tryHandleCache (/home/pikea/lgit/mariocki-osm-server/siteroot2/node_modules/ejs/lib/ejs.js:278:5)
    at View.exports.renderFile [as engine] (/home/pikea/lgit/mariocki-osm-server/siteroot2/node_modules/ejs/lib/ejs.js:489:10)
    at View.render (/home/pikea/lgit/mariocki-osm-server/siteroot2/node_modules/express/lib/view.js:135:8)
    at tryRender (/home/pikea/lgit/mariocki-osm-server/siteroot2/node_modules/express/lib/application.js:640:10)
    at Function.render (/home/pikea/lgit/mariocki-osm-server/siteroot2/node_modules/express/lib/application.js:592:3)
    at ServerResponse.render (/home/pikea/lgit/mariocki-osm-server/siteroot2/node_modules/express/lib/response.js:1012:7) {
  code: 'ERR_HTTP_HEADERS_SENT'
}
[2021-06-13T01:58:27.300Z] INFO: Express server started on port: 8080
[2021-06-13T01:58:31.240Z] ERROR: Error [ERR_HTTP_HEADERS_SENT]: Cannot set headers after they are sent to the client
    at ServerResponse.setHeader (_http_outgoing.js:561:11)
    at ServerResponse.header (/home/pikea/lgit/mariocki-osm-server/siteroot2/node_modules/express/lib/response.js:771:10)
    at ServerResponse.send (/home/pikea/lgit/mariocki-osm-server/siteroot2/node_modules/express/lib/response.js:170:12)
    at done (/home/pikea/lgit/mariocki-osm-server/siteroot2/node_modules/express/lib/response.js:1008:10)
    at tryHandleCache (/home/pikea/lgit/mariocki-osm-server/siteroot2/node_modules/ejs/lib/ejs.js:278:5)
    at View.exports.renderFile [as engine] (/home/pikea/lgit/mariocki-osm-server/siteroot2/node_modules/ejs/lib/ejs.js:489:10)
    at View.render (/home/pikea/lgit/mariocki-osm-server/siteroot2/node_modules/express/lib/view.js:135:8)
    at tryRender (/home/pikea/lgit/mariocki-osm-server/siteroot2/node_modules/express/lib/application.js:640:10)
    at Function.render (/home/pikea/lgit/mariocki-osm-server/siteroot2/node_modules/express/lib/application.js:592:3)
    at ServerResponse.render (/home/pikea/lgit/mariocki-osm-server/siteroot2/node_modules/express/lib/response.js:1012:7) {
  code: 'ERR_HTTP_HEADERS_SENT'
}
[2021-06-13T02:00:05.700Z] INFO: Express server started on port: 8080
[2021-06-13T02:00:08.450Z] ERROR: Error [ERR_HTTP_HEADERS_SENT]: Cannot set headers after they are sent to the client
    at ServerResponse.setHeader (_http_outgoing.js:561:11)
    at ServerResponse.header (/home/pikea/lgit/mariocki-osm-server/siteroot2/node_modules/express/lib/response.js:771:10)
    at ServerResponse.send (/home/pikea/lgit/mariocki-osm-server/siteroot2/node_modules/express/lib/response.js:170:12)
    at done (/home/pikea/lgit/mariocki-osm-server/siteroot2/node_modules/express/lib/response.js:1008:10)
    at tryHandleCache (/home/pikea/lgit/mariocki-osm-server/siteroot2/node_modules/ejs/lib/ejs.js:278:5)
    at View.exports.renderFile [as engine] (/home/pikea/lgit/mariocki-osm-server/siteroot2/node_modules/ejs/lib/ejs.js:489:10)
    at View.render (/home/pikea/lgit/mariocki-osm-server/siteroot2/node_modules/express/lib/view.js:135:8)
    at tryRender (/home/pikea/lgit/mariocki-osm-server/siteroot2/node_modules/express/lib/application.js:640:10)
    at Function.render (/home/pikea/lgit/mariocki-osm-server/siteroot2/node_modules/express/lib/application.js:592:3)
    at ServerResponse.render (/home/pikea/lgit/mariocki-osm-server/siteroot2/node_modules/express/lib/response.js:1012:7) {
  code: 'ERR_HTTP_HEADERS_SENT'
}
[2021-06-13T02:00:26.992Z] INFO: Express server started on port: 8080
[2021-06-13T02:00:34.312Z] ERROR: Error [ERR_HTTP_HEADERS_SENT]: Cannot set headers after they are sent to the client
    at ServerResponse.setHeader (_http_outgoing.js:561:11)
    at ServerResponse.header (/home/pikea/lgit/mariocki-osm-server/siteroot2/node_modules/express/lib/response.js:771:10)
    at ServerResponse.send (/home/pikea/lgit/mariocki-osm-server/siteroot2/node_modules/express/lib/response.js:170:12)
    at done (/home/pikea/lgit/mariocki-osm-server/siteroot2/node_modules/express/lib/response.js:1008:10)
    at tryHandleCache (/home/pikea/lgit/mariocki-osm-server/siteroot2/node_modules/ejs/lib/ejs.js:278:5)
    at View.exports.renderFile [as engine] (/home/pikea/lgit/mariocki-osm-server/siteroot2/node_modules/ejs/lib/ejs.js:489:10)
    at View.render (/home/pikea/lgit/mariocki-osm-server/siteroot2/node_modules/express/lib/view.js:135:8)
    at tryRender (/home/pikea/lgit/mariocki-osm-server/siteroot2/node_modules/express/lib/application.js:640:10)
    at Function.render (/home/pikea/lgit/mariocki-osm-server/siteroot2/node_modules/express/lib/application.js:592:3)
    at ServerResponse.render (/home/pikea/lgit/mariocki-osm-server/siteroot2/node_modules/express/lib/response.js:1012:7) {
  code: 'ERR_HTTP_HEADERS_SENT'
}
[2021-06-13T02:01:26.690Z] INFO: Express server started on port: 8080
[2021-06-13T02:01:52.834Z] INFO: Express server started on port: 8080
[2021-06-13T02:01:54.227Z] ERROR: Error [ERR_HTTP_HEADERS_SENT]: Cannot set headers after they are sent to the client
    at ServerResponse.setHeader (_http_outgoing.js:561:11)
    at ServerResponse.header (/home/pikea/lgit/mariocki-osm-server/siteroot2/node_modules/express/lib/response.js:771:10)
    at ServerResponse.send (/home/pikea/lgit/mariocki-osm-server/siteroot2/node_modules/express/lib/response.js:170:12)
    at done (/home/pikea/lgit/mariocki-osm-server/siteroot2/node_modules/express/lib/response.js:1008:10)
    at tryHandleCache (/home/pikea/lgit/mariocki-osm-server/siteroot2/node_modules/ejs/lib/ejs.js:278:5)
    at View.exports.renderFile [as engine] (/home/pikea/lgit/mariocki-osm-server/siteroot2/node_modules/ejs/lib/ejs.js:489:10)
    at View.render (/home/pikea/lgit/mariocki-osm-server/siteroot2/node_modules/express/lib/view.js:135:8)
    at tryRender (/home/pikea/lgit/mariocki-osm-server/siteroot2/node_modules/express/lib/application.js:640:10)
    at Function.render (/home/pikea/lgit/mariocki-osm-server/siteroot2/node_modules/express/lib/application.js:592:3)
    at ServerResponse.render (/home/pikea/lgit/mariocki-osm-server/siteroot2/node_modules/express/lib/response.js:1012:7) {
  code: 'ERR_HTTP_HEADERS_SENT'
}
[2021-06-13T02:03:17.185Z] INFO: Express server started on port: 8080
[2021-06-13T02:03:21.774Z] ERROR: Error [ERR_HTTP_HEADERS_SENT]: Cannot set headers after they are sent to the client
    at ServerResponse.setHeader (_http_outgoing.js:561:11)
    at ServerResponse.header (/home/pikea/lgit/mariocki-osm-server/siteroot2/node_modules/express/lib/response.js:771:10)
    at ServerResponse.send (/home/pikea/lgit/mariocki-osm-server/siteroot2/node_modules/express/lib/response.js:170:12)
    at done (/home/pikea/lgit/mariocki-osm-server/siteroot2/node_modules/express/lib/response.js:1008:10)
    at tryHandleCache (/home/pikea/lgit/mariocki-osm-server/siteroot2/node_modules/ejs/lib/ejs.js:278:5)
    at View.exports.renderFile [as engine] (/home/pikea/lgit/mariocki-osm-server/siteroot2/node_modules/ejs/lib/ejs.js:489:10)
    at View.render (/home/pikea/lgit/mariocki-osm-server/siteroot2/node_modules/express/lib/view.js:135:8)
    at tryRender (/home/pikea/lgit/mariocki-osm-server/siteroot2/node_modules/express/lib/application.js:640:10)
    at Function.render (/home/pikea/lgit/mariocki-osm-server/siteroot2/node_modules/express/lib/application.js:592:3)
    at ServerResponse.render (/home/pikea/lgit/mariocki-osm-server/siteroot2/node_modules/express/lib/response.js:1012:7) {
  code: 'ERR_HTTP_HEADERS_SENT'
}
[2021-06-13T02:03:46.531Z] INFO: Express server started on port: 8080
[2021-06-13T02:03:48.994Z] ERROR: Error [ERR_HTTP_HEADERS_SENT]: Cannot set headers after they are sent to the client
    at ServerResponse.setHeader (_http_outgoing.js:561:11)
    at ServerResponse.header (/home/pikea/lgit/mariocki-osm-server/siteroot2/node_modules/express/lib/response.js:771:10)
    at ServerResponse.send (/home/pikea/lgit/mariocki-osm-server/siteroot2/node_modules/express/lib/response.js:170:12)
    at done (/home/pikea/lgit/mariocki-osm-server/siteroot2/node_modules/express/lib/response.js:1008:10)
    at tryHandleCache (/home/pikea/lgit/mariocki-osm-server/siteroot2/node_modules/ejs/lib/ejs.js:278:5)
    at View.exports.renderFile [as engine] (/home/pikea/lgit/mariocki-osm-server/siteroot2/node_modules/ejs/lib/ejs.js:489:10)
    at View.render (/home/pikea/lgit/mariocki-osm-server/siteroot2/node_modules/express/lib/view.js:135:8)
    at tryRender (/home/pikea/lgit/mariocki-osm-server/siteroot2/node_modules/express/lib/application.js:640:10)
    at Function.render (/home/pikea/lgit/mariocki-osm-server/siteroot2/node_modules/express/lib/application.js:592:3)
    at ServerResponse.render (/home/pikea/lgit/mariocki-osm-server/siteroot2/node_modules/express/lib/response.js:1012:7) {
  code: 'ERR_HTTP_HEADERS_SENT'
}
[2021-06-13T02:04:28.464Z] INFO: Express server started on port: 8080
[2021-06-13T02:04:29.463Z] ERROR: Error [ERR_HTTP_HEADERS_SENT]: Cannot set headers after they are sent to the client
    at ServerResponse.setHeader (_http_outgoing.js:561:11)
    at ServerResponse.header (/home/pikea/lgit/mariocki-osm-server/siteroot2/node_modules/express/lib/response.js:771:10)
    at ServerResponse.send (/home/pikea/lgit/mariocki-osm-server/siteroot2/node_modules/express/lib/response.js:170:12)
    at done (/home/pikea/lgit/mariocki-osm-server/siteroot2/node_modules/express/lib/response.js:1008:10)
    at tryHandleCache (/home/pikea/lgit/mariocki-osm-server/siteroot2/node_modules/ejs/lib/ejs.js:278:5)
    at View.exports.renderFile [as engine] (/home/pikea/lgit/mariocki-osm-server/siteroot2/node_modules/ejs/lib/ejs.js:489:10)
    at View.render (/home/pikea/lgit/mariocki-osm-server/siteroot2/node_modules/express/lib/view.js:135:8)
    at tryRender (/home/pikea/lgit/mariocki-osm-server/siteroot2/node_modules/express/lib/application.js:640:10)
    at Function.render (/home/pikea/lgit/mariocki-osm-server/siteroot2/node_modules/express/lib/application.js:592:3)
    at ServerResponse.render (/home/pikea/lgit/mariocki-osm-server/siteroot2/node_modules/express/lib/response.js:1012:7) {
  code: 'ERR_HTTP_HEADERS_SENT'
}
[2021-06-13T02:11:51.278Z] INFO: Express server started on port: 8080
[2021-06-13T02:11:54.559Z] ERROR: Error [ERR_HTTP_HEADERS_SENT]: Cannot set headers after they are sent to the client
    at ServerResponse.setHeader (_http_outgoing.js:561:11)
    at ServerResponse.header (/home/pikea/lgit/mariocki-osm-server/siteroot2/node_modules/express/lib/response.js:771:10)
    at ServerResponse.send (/home/pikea/lgit/mariocki-osm-server/siteroot2/node_modules/express/lib/response.js:170:12)
    at done (/home/pikea/lgit/mariocki-osm-server/siteroot2/node_modules/express/lib/response.js:1008:10)
    at tryHandleCache (/home/pikea/lgit/mariocki-osm-server/siteroot2/node_modules/ejs/lib/ejs.js:278:5)
    at View.exports.renderFile [as engine] (/home/pikea/lgit/mariocki-osm-server/siteroot2/node_modules/ejs/lib/ejs.js:489:10)
    at View.render (/home/pikea/lgit/mariocki-osm-server/siteroot2/node_modules/express/lib/view.js:135:8)
    at tryRender (/home/pikea/lgit/mariocki-osm-server/siteroot2/node_modules/express/lib/application.js:640:10)
    at Function.render (/home/pikea/lgit/mariocki-osm-server/siteroot2/node_modules/express/lib/application.js:592:3)
    at ServerResponse.render (/home/pikea/lgit/mariocki-osm-server/siteroot2/node_modules/express/lib/response.js:1012:7) {
  code: 'ERR_HTTP_HEADERS_SENT'
}
[2021-06-13T02:12:44.462Z] INFO: Express server started on port: 8080
[2021-06-13T02:12:46.788Z] ERROR: Error [ERR_HTTP_HEADERS_SENT]: Cannot set headers after they are sent to the client
    at ServerResponse.setHeader (_http_outgoing.js:561:11)
    at ServerResponse.header (/home/pikea/lgit/mariocki-osm-server/siteroot2/node_modules/express/lib/response.js:771:10)
    at ServerResponse.send (/home/pikea/lgit/mariocki-osm-server/siteroot2/node_modules/express/lib/response.js:170:12)
    at done (/home/pikea/lgit/mariocki-osm-server/siteroot2/node_modules/express/lib/response.js:1008:10)
    at tryHandleCache (/home/pikea/lgit/mariocki-osm-server/siteroot2/node_modules/ejs/lib/ejs.js:278:5)
    at View.exports.renderFile [as engine] (/home/pikea/lgit/mariocki-osm-server/siteroot2/node_modules/ejs/lib/ejs.js:489:10)
    at View.render (/home/pikea/lgit/mariocki-osm-server/siteroot2/node_modules/express/lib/view.js:135:8)
    at tryRender (/home/pikea/lgit/mariocki-osm-server/siteroot2/node_modules/express/lib/application.js:640:10)
    at Function.render (/home/pikea/lgit/mariocki-osm-server/siteroot2/node_modules/express/lib/application.js:592:3)
    at ServerResponse.render (/home/pikea/lgit/mariocki-osm-server/siteroot2/node_modules/express/lib/response.js:1012:7) {
  code: 'ERR_HTTP_HEADERS_SENT'
}
[2021-06-13T02:13:25.960Z] INFO: Express server started on port: 8080
[2021-06-13T02:13:28.745Z] ERROR: Error [ERR_HTTP_HEADERS_SENT]: Cannot set headers after they are sent to the client
    at ServerResponse.setHeader (_http_outgoing.js:561:11)
    at ServerResponse.header (/home/pikea/lgit/mariocki-osm-server/siteroot2/node_modules/express/lib/response.js:771:10)
    at ServerResponse.send (/home/pikea/lgit/mariocki-osm-server/siteroot2/node_modules/express/lib/response.js:170:12)
    at done (/home/pikea/lgit/mariocki-osm-server/siteroot2/node_modules/express/lib/response.js:1008:10)
    at tryHandleCache (/home/pikea/lgit/mariocki-osm-server/siteroot2/node_modules/ejs/lib/ejs.js:278:5)
    at View.exports.renderFile [as engine] (/home/pikea/lgit/mariocki-osm-server/siteroot2/node_modules/ejs/lib/ejs.js:489:10)
    at View.render (/home/pikea/lgit/mariocki-osm-server/siteroot2/node_modules/express/lib/view.js:135:8)
    at tryRender (/home/pikea/lgit/mariocki-osm-server/siteroot2/node_modules/express/lib/application.js:640:10)
    at Function.render (/home/pikea/lgit/mariocki-osm-server/siteroot2/node_modules/express/lib/application.js:592:3)
    at ServerResponse.render (/home/pikea/lgit/mariocki-osm-server/siteroot2/node_modules/express/lib/response.js:1012:7) {
  code: 'ERR_HTTP_HEADERS_SENT'
}
[2021-06-13T02:15:18.988Z] INFO: Express server started on port: 8080
[2021-06-13T02:15:21.307Z] ERROR: Error [ERR_HTTP_HEADERS_SENT]: Cannot set headers after they are sent to the client
    at ServerResponse.setHeader (_http_outgoing.js:561:11)
    at ServerResponse.header (/home/pikea/lgit/mariocki-osm-server/siteroot2/node_modules/express/lib/response.js:771:10)
    at ServerResponse.send (/home/pikea/lgit/mariocki-osm-server/siteroot2/node_modules/express/lib/response.js:170:12)
    at done (/home/pikea/lgit/mariocki-osm-server/siteroot2/node_modules/express/lib/response.js:1008:10)
    at tryHandleCache (/home/pikea/lgit/mariocki-osm-server/siteroot2/node_modules/ejs/lib/ejs.js:278:5)
    at View.exports.renderFile [as engine] (/home/pikea/lgit/mariocki-osm-server/siteroot2/node_modules/ejs/lib/ejs.js:489:10)
    at View.render (/home/pikea/lgit/mariocki-osm-server/siteroot2/node_modules/express/lib/view.js:135:8)
    at tryRender (/home/pikea/lgit/mariocki-osm-server/siteroot2/node_modules/express/lib/application.js:640:10)
    at Function.render (/home/pikea/lgit/mariocki-osm-server/siteroot2/node_modules/express/lib/application.js:592:3)
    at ServerResponse.render (/home/pikea/lgit/mariocki-osm-server/siteroot2/node_modules/express/lib/response.js:1012:7) {
  code: 'ERR_HTTP_HEADERS_SENT'
}
[2021-06-13T02:16:39.868Z] INFO: Express server started on port: 8080
[2021-06-13T02:16:45.174Z] ERROR: Error [ERR_HTTP_HEADERS_SENT]: Cannot set headers after they are sent to the client
    at ServerResponse.setHeader (_http_outgoing.js:561:11)
    at ServerResponse.header (/home/pikea/lgit/mariocki-osm-server/siteroot2/node_modules/express/lib/response.js:771:10)
    at ServerResponse.send (/home/pikea/lgit/mariocki-osm-server/siteroot2/node_modules/express/lib/response.js:170:12)
    at done (/home/pikea/lgit/mariocki-osm-server/siteroot2/node_modules/express/lib/response.js:1008:10)
    at tryHandleCache (/home/pikea/lgit/mariocki-osm-server/siteroot2/node_modules/ejs/lib/ejs.js:278:5)
    at View.exports.renderFile [as engine] (/home/pikea/lgit/mariocki-osm-server/siteroot2/node_modules/ejs/lib/ejs.js:489:10)
    at View.render (/home/pikea/lgit/mariocki-osm-server/siteroot2/node_modules/express/lib/view.js:135:8)
    at tryRender (/home/pikea/lgit/mariocki-osm-server/siteroot2/node_modules/express/lib/application.js:640:10)
    at Function.render (/home/pikea/lgit/mariocki-osm-server/siteroot2/node_modules/express/lib/application.js:592:3)
    at ServerResponse.render (/home/pikea/lgit/mariocki-osm-server/siteroot2/node_modules/express/lib/response.js:1012:7) {
  code: 'ERR_HTTP_HEADERS_SENT'
}
[2021-06-13T02:17:46.799Z] INFO: Express server started on port: 8080
[2021-06-13T02:17:48.735Z] ERROR: Error [ERR_HTTP_HEADERS_SENT]: Cannot set headers after they are sent to the client
    at ServerResponse.setHeader (_http_outgoing.js:561:11)
    at ServerResponse.header (/home/pikea/lgit/mariocki-osm-server/siteroot2/node_modules/express/lib/response.js:771:10)
    at ServerResponse.send (/home/pikea/lgit/mariocki-osm-server/siteroot2/node_modules/express/lib/response.js:170:12)
    at done (/home/pikea/lgit/mariocki-osm-server/siteroot2/node_modules/express/lib/response.js:1008:10)
    at tryHandleCache (/home/pikea/lgit/mariocki-osm-server/siteroot2/node_modules/ejs/lib/ejs.js:278:5)
    at View.exports.renderFile [as engine] (/home/pikea/lgit/mariocki-osm-server/siteroot2/node_modules/ejs/lib/ejs.js:489:10)
    at View.render (/home/pikea/lgit/mariocki-osm-server/siteroot2/node_modules/express/lib/view.js:135:8)
    at tryRender (/home/pikea/lgit/mariocki-osm-server/siteroot2/node_modules/express/lib/application.js:640:10)
    at Function.render (/home/pikea/lgit/mariocki-osm-server/siteroot2/node_modules/express/lib/application.js:592:3)
    at ServerResponse.render (/home/pikea/lgit/mariocki-osm-server/siteroot2/node_modules/express/lib/response.js:1012:7) {
  code: 'ERR_HTTP_HEADERS_SENT'
}
[2021-06-13T02:19:18.410Z] INFO: Express server started on port: 8080
[2021-06-13T02:19:24.341Z] ERROR: Error [ERR_HTTP_HEADERS_SENT]: Cannot set headers after they are sent to the client
    at ServerResponse.setHeader (_http_outgoing.js:561:11)
    at ServerResponse.header (/home/pikea/lgit/mariocki-osm-server/siteroot2/node_modules/express/lib/response.js:771:10)
    at ServerResponse.send (/home/pikea/lgit/mariocki-osm-server/siteroot2/node_modules/express/lib/response.js:170:12)
    at done (/home/pikea/lgit/mariocki-osm-server/siteroot2/node_modules/express/lib/response.js:1008:10)
    at tryHandleCache (/home/pikea/lgit/mariocki-osm-server/siteroot2/node_modules/ejs/lib/ejs.js:278:5)
    at View.exports.renderFile [as engine] (/home/pikea/lgit/mariocki-osm-server/siteroot2/node_modules/ejs/lib/ejs.js:489:10)
    at View.render (/home/pikea/lgit/mariocki-osm-server/siteroot2/node_modules/express/lib/view.js:135:8)
    at tryRender (/home/pikea/lgit/mariocki-osm-server/siteroot2/node_modules/express/lib/application.js:640:10)
    at Function.render (/home/pikea/lgit/mariocki-osm-server/siteroot2/node_modules/express/lib/application.js:592:3)
    at ServerResponse.render (/home/pikea/lgit/mariocki-osm-server/siteroot2/node_modules/express/lib/response.js:1012:7) {
  code: 'ERR_HTTP_HEADERS_SENT'
}
[2021-06-13T02:20:45.136Z] INFO: Express server started on port: 8080
[2021-06-13T02:20:49.670Z] ERROR: Error [ERR_HTTP_HEADERS_SENT]: Cannot set headers after they are sent to the client
    at ServerResponse.setHeader (_http_outgoing.js:561:11)
    at ServerResponse.header (/home/pikea/lgit/mariocki-osm-server/siteroot2/node_modules/express/lib/response.js:771:10)
    at ServerResponse.send (/home/pikea/lgit/mariocki-osm-server/siteroot2/node_modules/express/lib/response.js:170:12)
    at done (/home/pikea/lgit/mariocki-osm-server/siteroot2/node_modules/express/lib/response.js:1008:10)
    at tryHandleCache (/home/pikea/lgit/mariocki-osm-server/siteroot2/node_modules/ejs/lib/ejs.js:278:5)
    at View.exports.renderFile [as engine] (/home/pikea/lgit/mariocki-osm-server/siteroot2/node_modules/ejs/lib/ejs.js:489:10)
    at View.render (/home/pikea/lgit/mariocki-osm-server/siteroot2/node_modules/express/lib/view.js:135:8)
    at tryRender (/home/pikea/lgit/mariocki-osm-server/siteroot2/node_modules/express/lib/application.js:640:10)
    at Function.render (/home/pikea/lgit/mariocki-osm-server/siteroot2/node_modules/express/lib/application.js:592:3)
    at ServerResponse.render (/home/pikea/lgit/mariocki-osm-server/siteroot2/node_modules/express/lib/response.js:1012:7) {
  code: 'ERR_HTTP_HEADERS_SENT'
}
[2021-06-13T02:21:24.354Z] INFO: Express server started on port: 8080
[2021-06-13T02:21:28.480Z] ERROR: Error [ERR_HTTP_HEADERS_SENT]: Cannot set headers after they are sent to the client
    at ServerResponse.setHeader (_http_outgoing.js:561:11)
    at ServerResponse.header (/home/pikea/lgit/mariocki-osm-server/siteroot2/node_modules/express/lib/response.js:771:10)
    at ServerResponse.send (/home/pikea/lgit/mariocki-osm-server/siteroot2/node_modules/express/lib/response.js:170:12)
    at done (/home/pikea/lgit/mariocki-osm-server/siteroot2/node_modules/express/lib/response.js:1008:10)
    at tryHandleCache (/home/pikea/lgit/mariocki-osm-server/siteroot2/node_modules/ejs/lib/ejs.js:278:5)
    at View.exports.renderFile [as engine] (/home/pikea/lgit/mariocki-osm-server/siteroot2/node_modules/ejs/lib/ejs.js:489:10)
    at View.render (/home/pikea/lgit/mariocki-osm-server/siteroot2/node_modules/express/lib/view.js:135:8)
    at tryRender (/home/pikea/lgit/mariocki-osm-server/siteroot2/node_modules/express/lib/application.js:640:10)
    at Function.render (/home/pikea/lgit/mariocki-osm-server/siteroot2/node_modules/express/lib/application.js:592:3)
    at ServerResponse.render (/home/pikea/lgit/mariocki-osm-server/siteroot2/node_modules/express/lib/response.js:1012:7) {
  code: 'ERR_HTTP_HEADERS_SENT'
}
[2021-06-13T02:23:39.812Z] INFO: Express server started on port: 8080
[2021-06-13T02:23:46.686Z] ERROR: Error [ERR_HTTP_HEADERS_SENT]: Cannot set headers after they are sent to the client
    at ServerResponse.setHeader (_http_outgoing.js:561:11)
    at ServerResponse.header (/home/pikea/lgit/mariocki-osm-server/siteroot2/node_modules/express/lib/response.js:771:10)
    at ServerResponse.send (/home/pikea/lgit/mariocki-osm-server/siteroot2/node_modules/express/lib/response.js:170:12)
    at done (/home/pikea/lgit/mariocki-osm-server/siteroot2/node_modules/express/lib/response.js:1008:10)
    at tryHandleCache (/home/pikea/lgit/mariocki-osm-server/siteroot2/node_modules/ejs/lib/ejs.js:278:5)
    at View.exports.renderFile [as engine] (/home/pikea/lgit/mariocki-osm-server/siteroot2/node_modules/ejs/lib/ejs.js:489:10)
    at View.render (/home/pikea/lgit/mariocki-osm-server/siteroot2/node_modules/express/lib/view.js:135:8)
    at tryRender (/home/pikea/lgit/mariocki-osm-server/siteroot2/node_modules/express/lib/application.js:640:10)
    at Function.render (/home/pikea/lgit/mariocki-osm-server/siteroot2/node_modules/express/lib/application.js:592:3)
    at ServerResponse.render (/home/pikea/lgit/mariocki-osm-server/siteroot2/node_modules/express/lib/response.js:1012:7) {
  code: 'ERR_HTTP_HEADERS_SENT'
}
[2021-06-13T02:24:39.056Z] INFO: Express server started on port: 8080
[2021-06-13T02:24:50.797Z] ERROR: Error [ERR_HTTP_HEADERS_SENT]: Cannot set headers after they are sent to the client
    at ServerResponse.setHeader (_http_outgoing.js:561:11)
    at ServerResponse.header (/home/pikea/lgit/mariocki-osm-server/siteroot2/node_modules/express/lib/response.js:771:10)
    at ServerResponse.send (/home/pikea/lgit/mariocki-osm-server/siteroot2/node_modules/express/lib/response.js:170:12)
    at done (/home/pikea/lgit/mariocki-osm-server/siteroot2/node_modules/express/lib/response.js:1008:10)
    at tryHandleCache (/home/pikea/lgit/mariocki-osm-server/siteroot2/node_modules/ejs/lib/ejs.js:278:5)
    at View.exports.renderFile [as engine] (/home/pikea/lgit/mariocki-osm-server/siteroot2/node_modules/ejs/lib/ejs.js:489:10)
    at View.render (/home/pikea/lgit/mariocki-osm-server/siteroot2/node_modules/express/lib/view.js:135:8)
    at tryRender (/home/pikea/lgit/mariocki-osm-server/siteroot2/node_modules/express/lib/application.js:640:10)
    at Function.render (/home/pikea/lgit/mariocki-osm-server/siteroot2/node_modules/express/lib/application.js:592:3)
    at ServerResponse.render (/home/pikea/lgit/mariocki-osm-server/siteroot2/node_modules/express/lib/response.js:1012:7) {
  code: 'ERR_HTTP_HEADERS_SENT'
}
[2021-06-13T02:26:11.238Z] INFO: Express server started on port: 8080
[2021-06-13T02:26:15.209Z] ERROR: Error [ERR_HTTP_HEADERS_SENT]: Cannot set headers after they are sent to the client
    at ServerResponse.setHeader (_http_outgoing.js:561:11)
    at ServerResponse.header (/home/pikea/lgit/mariocki-osm-server/siteroot2/node_modules/express/lib/response.js:771:10)
    at ServerResponse.send (/home/pikea/lgit/mariocki-osm-server/siteroot2/node_modules/express/lib/response.js:170:12)
    at done (/home/pikea/lgit/mariocki-osm-server/siteroot2/node_modules/express/lib/response.js:1008:10)
    at tryHandleCache (/home/pikea/lgit/mariocki-osm-server/siteroot2/node_modules/ejs/lib/ejs.js:278:5)
    at View.exports.renderFile [as engine] (/home/pikea/lgit/mariocki-osm-server/siteroot2/node_modules/ejs/lib/ejs.js:489:10)
    at View.render (/home/pikea/lgit/mariocki-osm-server/siteroot2/node_modules/express/lib/view.js:135:8)
    at tryRender (/home/pikea/lgit/mariocki-osm-server/siteroot2/node_modules/express/lib/application.js:640:10)
    at Function.render (/home/pikea/lgit/mariocki-osm-server/siteroot2/node_modules/express/lib/application.js:592:3)
    at ServerResponse.render (/home/pikea/lgit/mariocki-osm-server/siteroot2/node_modules/express/lib/response.js:1012:7) {
  code: 'ERR_HTTP_HEADERS_SENT'
}
[2021-06-13T02:27:02.437Z] INFO: Express server started on port: 8080
[2021-06-13T02:27:03.651Z] ERROR: Error [ERR_HTTP_HEADERS_SENT]: Cannot set headers after they are sent to the client
    at ServerResponse.setHeader (_http_outgoing.js:561:11)
    at ServerResponse.header (/home/pikea/lgit/mariocki-osm-server/siteroot2/node_modules/express/lib/response.js:771:10)
    at ServerResponse.send (/home/pikea/lgit/mariocki-osm-server/siteroot2/node_modules/express/lib/response.js:170:12)
    at done (/home/pikea/lgit/mariocki-osm-server/siteroot2/node_modules/express/lib/response.js:1008:10)
    at tryHandleCache (/home/pikea/lgit/mariocki-osm-server/siteroot2/node_modules/ejs/lib/ejs.js:278:5)
    at View.exports.renderFile [as engine] (/home/pikea/lgit/mariocki-osm-server/siteroot2/node_modules/ejs/lib/ejs.js:489:10)
    at View.render (/home/pikea/lgit/mariocki-osm-server/siteroot2/node_modules/express/lib/view.js:135:8)
    at tryRender (/home/pikea/lgit/mariocki-osm-server/siteroot2/node_modules/express/lib/application.js:640:10)
    at Function.render (/home/pikea/lgit/mariocki-osm-server/siteroot2/node_modules/express/lib/application.js:592:3)
    at ServerResponse.render (/home/pikea/lgit/mariocki-osm-server/siteroot2/node_modules/express/lib/response.js:1012:7) {
  code: 'ERR_HTTP_HEADERS_SENT'
}
[2021-06-13T02:27:35.325Z] INFO: Express server started on port: 8080
[2021-06-13T02:27:37.078Z] ERROR: Error [ERR_HTTP_HEADERS_SENT]: Cannot set headers after they are sent to the client
    at ServerResponse.setHeader (_http_outgoing.js:561:11)
    at ServerResponse.header (/home/pikea/lgit/mariocki-osm-server/siteroot2/node_modules/express/lib/response.js:771:10)
    at ServerResponse.send (/home/pikea/lgit/mariocki-osm-server/siteroot2/node_modules/express/lib/response.js:170:12)
    at done (/home/pikea/lgit/mariocki-osm-server/siteroot2/node_modules/express/lib/response.js:1008:10)
    at tryHandleCache (/home/pikea/lgit/mariocki-osm-server/siteroot2/node_modules/ejs/lib/ejs.js:278:5)
    at View.exports.renderFile [as engine] (/home/pikea/lgit/mariocki-osm-server/siteroot2/node_modules/ejs/lib/ejs.js:489:10)
    at View.render (/home/pikea/lgit/mariocki-osm-server/siteroot2/node_modules/express/lib/view.js:135:8)
    at tryRender (/home/pikea/lgit/mariocki-osm-server/siteroot2/node_modules/express/lib/application.js:640:10)
    at Function.render (/home/pikea/lgit/mariocki-osm-server/siteroot2/node_modules/express/lib/application.js:592:3)
    at ServerResponse.render (/home/pikea/lgit/mariocki-osm-server/siteroot2/node_modules/express/lib/response.js:1012:7) {
  code: 'ERR_HTTP_HEADERS_SENT'
}
[2021-06-13T02:28:10.192Z] INFO: Express server started on port: 8080
[2021-06-13T02:28:14.532Z] ERROR: Error [ERR_HTTP_HEADERS_SENT]: Cannot set headers after they are sent to the client
    at ServerResponse.setHeader (_http_outgoing.js:561:11)
    at ServerResponse.header (/home/pikea/lgit/mariocki-osm-server/siteroot2/node_modules/express/lib/response.js:771:10)
    at ServerResponse.send (/home/pikea/lgit/mariocki-osm-server/siteroot2/node_modules/express/lib/response.js:170:12)
    at done (/home/pikea/lgit/mariocki-osm-server/siteroot2/node_modules/express/lib/response.js:1008:10)
    at tryHandleCache (/home/pikea/lgit/mariocki-osm-server/siteroot2/node_modules/ejs/lib/ejs.js:278:5)
    at View.exports.renderFile [as engine] (/home/pikea/lgit/mariocki-osm-server/siteroot2/node_modules/ejs/lib/ejs.js:489:10)
    at View.render (/home/pikea/lgit/mariocki-osm-server/siteroot2/node_modules/express/lib/view.js:135:8)
    at tryRender (/home/pikea/lgit/mariocki-osm-server/siteroot2/node_modules/express/lib/application.js:640:10)
    at Function.render (/home/pikea/lgit/mariocki-osm-server/siteroot2/node_modules/express/lib/application.js:592:3)
    at ServerResponse.render (/home/pikea/lgit/mariocki-osm-server/siteroot2/node_modules/express/lib/response.js:1012:7) {
  code: 'ERR_HTTP_HEADERS_SENT'
}
[2021-06-13T02:32:32.266Z] INFO: Express server started on port: 8080
[2021-06-13T02:32:33.561Z] ERROR: Error [ERR_HTTP_HEADERS_SENT]: Cannot set headers after they are sent to the client
    at ServerResponse.setHeader (_http_outgoing.js:561:11)
    at ServerResponse.header (/home/pikea/lgit/mariocki-osm-server/siteroot2/node_modules/express/lib/response.js:771:10)
    at ServerResponse.send (/home/pikea/lgit/mariocki-osm-server/siteroot2/node_modules/express/lib/response.js:170:12)
    at done (/home/pikea/lgit/mariocki-osm-server/siteroot2/node_modules/express/lib/response.js:1008:10)
    at tryHandleCache (/home/pikea/lgit/mariocki-osm-server/siteroot2/node_modules/ejs/lib/ejs.js:278:5)
    at View.exports.renderFile [as engine] (/home/pikea/lgit/mariocki-osm-server/siteroot2/node_modules/ejs/lib/ejs.js:489:10)
    at View.render (/home/pikea/lgit/mariocki-osm-server/siteroot2/node_modules/express/lib/view.js:135:8)
    at tryRender (/home/pikea/lgit/mariocki-osm-server/siteroot2/node_modules/express/lib/application.js:640:10)
    at Function.render (/home/pikea/lgit/mariocki-osm-server/siteroot2/node_modules/express/lib/application.js:592:3)
    at ServerResponse.render (/home/pikea/lgit/mariocki-osm-server/siteroot2/node_modules/express/lib/response.js:1012:7) {
  code: 'ERR_HTTP_HEADERS_SENT'
}
[2021-06-13T02:33:31.753Z] INFO: Express server started on port: 8080
[2021-06-13T02:33:32.698Z] ERROR: Error [ERR_HTTP_HEADERS_SENT]: Cannot set headers after they are sent to the client
    at ServerResponse.setHeader (_http_outgoing.js:561:11)
    at ServerResponse.header (/home/pikea/lgit/mariocki-osm-server/siteroot2/node_modules/express/lib/response.js:771:10)
    at ServerResponse.send (/home/pikea/lgit/mariocki-osm-server/siteroot2/node_modules/express/lib/response.js:170:12)
    at done (/home/pikea/lgit/mariocki-osm-server/siteroot2/node_modules/express/lib/response.js:1008:10)
    at tryHandleCache (/home/pikea/lgit/mariocki-osm-server/siteroot2/node_modules/ejs/lib/ejs.js:278:5)
    at View.exports.renderFile [as engine] (/home/pikea/lgit/mariocki-osm-server/siteroot2/node_modules/ejs/lib/ejs.js:489:10)
    at View.render (/home/pikea/lgit/mariocki-osm-server/siteroot2/node_modules/express/lib/view.js:135:8)
    at tryRender (/home/pikea/lgit/mariocki-osm-server/siteroot2/node_modules/express/lib/application.js:640:10)
    at Function.render (/home/pikea/lgit/mariocki-osm-server/siteroot2/node_modules/express/lib/application.js:592:3)
    at ServerResponse.render (/home/pikea/lgit/mariocki-osm-server/siteroot2/node_modules/express/lib/response.js:1012:7) {
  code: 'ERR_HTTP_HEADERS_SENT'
}
[2021-06-13T02:34:54.911Z] INFO: Express server started on port: 8080
[2021-06-13T02:34:56.279Z] ERROR: Error [ERR_HTTP_HEADERS_SENT]: Cannot set headers after they are sent to the client
    at ServerResponse.setHeader (_http_outgoing.js:561:11)
    at ServerResponse.header (/home/pikea/lgit/mariocki-osm-server/siteroot2/node_modules/express/lib/response.js:771:10)
    at ServerResponse.send (/home/pikea/lgit/mariocki-osm-server/siteroot2/node_modules/express/lib/response.js:170:12)
    at done (/home/pikea/lgit/mariocki-osm-server/siteroot2/node_modules/express/lib/response.js:1008:10)
    at tryHandleCache (/home/pikea/lgit/mariocki-osm-server/siteroot2/node_modules/ejs/lib/ejs.js:278:5)
    at View.exports.renderFile [as engine] (/home/pikea/lgit/mariocki-osm-server/siteroot2/node_modules/ejs/lib/ejs.js:489:10)
    at View.render (/home/pikea/lgit/mariocki-osm-server/siteroot2/node_modules/express/lib/view.js:135:8)
    at tryRender (/home/pikea/lgit/mariocki-osm-server/siteroot2/node_modules/express/lib/application.js:640:10)
    at Function.render (/home/pikea/lgit/mariocki-osm-server/siteroot2/node_modules/express/lib/application.js:592:3)
    at ServerResponse.render (/home/pikea/lgit/mariocki-osm-server/siteroot2/node_modules/express/lib/response.js:1012:7) {
  code: 'ERR_HTTP_HEADERS_SENT'
}
[2021-06-13T02:35:35.406Z] INFO: Express server started on port: 8080
[2021-06-13T02:35:36.199Z] ERROR: Error [ERR_HTTP_HEADERS_SENT]: Cannot set headers after they are sent to the client
    at ServerResponse.setHeader (_http_outgoing.js:561:11)
    at ServerResponse.header (/home/pikea/lgit/mariocki-osm-server/siteroot2/node_modules/express/lib/response.js:771:10)
    at ServerResponse.send (/home/pikea/lgit/mariocki-osm-server/siteroot2/node_modules/express/lib/response.js:170:12)
    at done (/home/pikea/lgit/mariocki-osm-server/siteroot2/node_modules/express/lib/response.js:1008:10)
    at tryHandleCache (/home/pikea/lgit/mariocki-osm-server/siteroot2/node_modules/ejs/lib/ejs.js:278:5)
    at View.exports.renderFile [as engine] (/home/pikea/lgit/mariocki-osm-server/siteroot2/node_modules/ejs/lib/ejs.js:489:10)
    at View.render (/home/pikea/lgit/mariocki-osm-server/siteroot2/node_modules/express/lib/view.js:135:8)
    at tryRender (/home/pikea/lgit/mariocki-osm-server/siteroot2/node_modules/express/lib/application.js:640:10)
    at Function.render (/home/pikea/lgit/mariocki-osm-server/siteroot2/node_modules/express/lib/application.js:592:3)
    at ServerResponse.render (/home/pikea/lgit/mariocki-osm-server/siteroot2/node_modules/express/lib/response.js:1012:7) {
  code: 'ERR_HTTP_HEADERS_SENT'
}
[2021-06-13T02:36:52.296Z] INFO: Express server started on port: 8080
[2021-06-13T02:36:54.425Z] ERROR: Error [ERR_HTTP_HEADERS_SENT]: Cannot set headers after they are sent to the client
    at ServerResponse.setHeader (_http_outgoing.js:561:11)
    at ServerResponse.header (/home/pikea/lgit/mariocki-osm-server/siteroot2/node_modules/express/lib/response.js:771:10)
    at ServerResponse.send (/home/pikea/lgit/mariocki-osm-server/siteroot2/node_modules/express/lib/response.js:170:12)
    at done (/home/pikea/lgit/mariocki-osm-server/siteroot2/node_modules/express/lib/response.js:1008:10)
    at tryHandleCache (/home/pikea/lgit/mariocki-osm-server/siteroot2/node_modules/ejs/lib/ejs.js:278:5)
    at View.exports.renderFile [as engine] (/home/pikea/lgit/mariocki-osm-server/siteroot2/node_modules/ejs/lib/ejs.js:489:10)
    at View.render (/home/pikea/lgit/mariocki-osm-server/siteroot2/node_modules/express/lib/view.js:135:8)
    at tryRender (/home/pikea/lgit/mariocki-osm-server/siteroot2/node_modules/express/lib/application.js:640:10)
    at Function.render (/home/pikea/lgit/mariocki-osm-server/siteroot2/node_modules/express/lib/application.js:592:3)
    at ServerResponse.render (/home/pikea/lgit/mariocki-osm-server/siteroot2/node_modules/express/lib/response.js:1012:7) {
  code: 'ERR_HTTP_HEADERS_SENT'
}
[2021-06-13T02:38:08.469Z] INFO: Express server started on port: 8080
[2021-06-13T02:38:10.234Z] ERROR: Error [ERR_HTTP_HEADERS_SENT]: Cannot set headers after they are sent to the client
    at ServerResponse.setHeader (_http_outgoing.js:561:11)
    at ServerResponse.header (/home/pikea/lgit/mariocki-osm-server/siteroot2/node_modules/express/lib/response.js:771:10)
    at ServerResponse.send (/home/pikea/lgit/mariocki-osm-server/siteroot2/node_modules/express/lib/response.js:170:12)
    at done (/home/pikea/lgit/mariocki-osm-server/siteroot2/node_modules/express/lib/response.js:1008:10)
    at tryHandleCache (/home/pikea/lgit/mariocki-osm-server/siteroot2/node_modules/ejs/lib/ejs.js:278:5)
    at View.exports.renderFile [as engine] (/home/pikea/lgit/mariocki-osm-server/siteroot2/node_modules/ejs/lib/ejs.js:489:10)
    at View.render (/home/pikea/lgit/mariocki-osm-server/siteroot2/node_modules/express/lib/view.js:135:8)
    at tryRender (/home/pikea/lgit/mariocki-osm-server/siteroot2/node_modules/express/lib/application.js:640:10)
    at Function.render (/home/pikea/lgit/mariocki-osm-server/siteroot2/node_modules/express/lib/application.js:592:3)
    at ServerResponse.render (/home/pikea/lgit/mariocki-osm-server/siteroot2/node_modules/express/lib/response.js:1012:7) {
  code: 'ERR_HTTP_HEADERS_SENT'
}
[2021-06-13T02:42:05.049Z] INFO: Express server started on port: 8080
[2021-06-13T02:42:09.970Z] ERROR: Error [ERR_HTTP_HEADERS_SENT]: Cannot set headers after they are sent to the client
    at ServerResponse.setHeader (_http_outgoing.js:561:11)
    at ServerResponse.header (/home/pikea/lgit/mariocki-osm-server/siteroot2/node_modules/express/lib/response.js:771:10)
    at ServerResponse.send (/home/pikea/lgit/mariocki-osm-server/siteroot2/node_modules/express/lib/response.js:170:12)
    at done (/home/pikea/lgit/mariocki-osm-server/siteroot2/node_modules/express/lib/response.js:1008:10)
    at tryHandleCache (/home/pikea/lgit/mariocki-osm-server/siteroot2/node_modules/ejs/lib/ejs.js:278:5)
    at View.exports.renderFile [as engine] (/home/pikea/lgit/mariocki-osm-server/siteroot2/node_modules/ejs/lib/ejs.js:489:10)
    at View.render (/home/pikea/lgit/mariocki-osm-server/siteroot2/node_modules/express/lib/view.js:135:8)
    at tryRender (/home/pikea/lgit/mariocki-osm-server/siteroot2/node_modules/express/lib/application.js:640:10)
    at Function.render (/home/pikea/lgit/mariocki-osm-server/siteroot2/node_modules/express/lib/application.js:592:3)
    at ServerResponse.render (/home/pikea/lgit/mariocki-osm-server/siteroot2/node_modules/express/lib/response.js:1012:7) {
  code: 'ERR_HTTP_HEADERS_SENT'
}
